  2dimension.cpp
e:\代码-hebb\输多维\2dimension\2dimension\2dimension.cpp(78): warning C4244: 'return': conversion from 'double' to 'float', possible loss of data
e:\代码-hebb\输多维\2dimension\2dimension\2dimension.cpp(100): warning C4244: '=': conversion from 'double' to 'float', possible loss of data
e:\代码-hebb\输多维\2dimension\2dimension\2dimension.cpp(105): warning C4244: '=': conversion from 'double' to 'float', possible loss of data
e:\代码-hebb\输多维\2dimension\2dimension\2dimension.cpp(108): warning C4244: '=': conversion from 'double' to 'float', possible loss of data
e:\代码-hebb\输多维\2dimension\2dimension\2dimension.cpp(109): warning C4244: '=': conversion from 'double' to 'float', possible loss of data
e:\代码-hebb\输多维\2dimension\2dimension\2dimension.cpp(110): warning C4244: '=': conversion from 'double' to 'float', possible loss of data
e:\代码-hebb\输多维\2dimension\2dimension\2dimension.cpp(111): warning C4244: '=': conversion from 'double' to 'float', possible loss of data
e:\代码-hebb\输多维\2dimension\2dimension\2dimension.cpp(171): warning C4244: '+=': conversion from 'double' to 'float', possible loss of data
e:\代码-hebb\输多维\2dimension\2dimension\2dimension.cpp(180): warning C4244: '+=': conversion from 'double' to 'float', possible loss of data
e:\代码-hebb\输多维\2dimension\2dimension\2dimension.cpp(189): warning C4244: '+=': conversion from 'double' to 'float', possible loss of data
e:\代码-hebb\输多维\2dimension\2dimension\2dimension.cpp(191): warning C4244: '=': conversion from 'double' to 'float', possible loss of data
e:\代码-hebb\输多维\2dimension\2dimension\2dimension.cpp(193): warning C4244: '=': conversion from 'double' to 'float', possible loss of data
e:\代码-hebb\输多维\2dimension\2dimension\2dimension.cpp(203): warning C4244: '+=': conversion from 'double' to 'float', possible loss of data
e:\代码-hebb\输多维\2dimension\2dimension\2dimension.cpp(212): warning C4244: '+=': conversion from 'double' to 'float', possible loss of data
e:\代码-hebb\输多维\2dimension\2dimension\2dimension.cpp(223): warning C4244: '+=': conversion from 'double' to 'float', possible loss of data
e:\代码-hebb\输多维\2dimension\2dimension\2dimension.cpp(247): warning C4244: '*=': conversion from 'double' to 'float', possible loss of data
e:\代码-hebb\输多维\2dimension\2dimension\2dimension.cpp(249): warning C4244: '=': conversion from 'double' to 'float', possible loss of data
e:\代码-hebb\输多维\2dimension\2dimension\2dimension.cpp(253): warning C4244: '=': conversion from 'double' to 'float', possible loss of data
e:\代码-hebb\输多维\2dimension\2dimension\2dimension.cpp(266): warning C4996: 'fopen': This function or variable may be unsafe. Consider using fopen_s instead. To disable deprecation, use _CRT_SECURE_NO_WARNINGS. See online help for details.
  c:\program files (x86)\windows kits\10\include\10.0.10240.0\ucrt\stdio.h(205): note: see declaration of 'fopen'
e:\代码-hebb\输多维\2dimension\2dimension\2dimension.cpp(271): warning C4996: 'fopen': This function or variable may be unsafe. Consider using fopen_s instead. To disable deprecation, use _CRT_SECURE_NO_WARNINGS. See online help for details.
  c:\program files (x86)\windows kits\10\include\10.0.10240.0\ucrt\stdio.h(205): note: see declaration of 'fopen'
e:\代码-hebb\输多维\2dimension\2dimension\2dimension.cpp(276): warning C4996: 'fopen': This function or variable may be unsafe. Consider using fopen_s instead. To disable deprecation, use _CRT_SECURE_NO_WARNINGS. See online help for details.
  c:\program files (x86)\windows kits\10\include\10.0.10240.0\ucrt\stdio.h(205): note: see declaration of 'fopen'
e:\代码-hebb\输多维\2dimension\2dimension\2dimension.cpp(281): warning C4996: 'fopen': This function or variable may be unsafe. Consider using fopen_s instead. To disable deprecation, use _CRT_SECURE_NO_WARNINGS. See online help for details.
  c:\program files (x86)\windows kits\10\include\10.0.10240.0\ucrt\stdio.h(205): note: see declaration of 'fopen'
e:\代码-hebb\输多维\2dimension\2dimension\2dimension.cpp(286): warning C4996: 'fopen': This function or variable may be unsafe. Consider using fopen_s instead. To disable deprecation, use _CRT_SECURE_NO_WARNINGS. See online help for details.
  c:\program files (x86)\windows kits\10\include\10.0.10240.0\ucrt\stdio.h(205): note: see declaration of 'fopen'
e:\代码-hebb\输多维\2dimension\2dimension\2dimension.cpp(455): warning C4244: '+=': conversion from 'double' to 'float', possible loss of data
e:\代码-hebb\输多维\2dimension\2dimension\2dimension.cpp(433): warning C4996: 'fopen': This function or variable may be unsafe. Consider using fopen_s instead. To disable deprecation, use _CRT_SECURE_NO_WARNINGS. See online help for details.
  c:\program files (x86)\windows kits\10\include\10.0.10240.0\ucrt\stdio.h(205): note: see declaration of 'fopen'
e:\代码-hebb\输多维\2dimension\2dimension\2dimension.cpp(424): warning C4101: 'value_position': unreferenced local variable
e:\代码-hebb\输多维\2dimension\2dimension\2dimension.cpp(417): warning C4715: 'thread_sort': not all control paths return a value
  2dimension.vcxproj -> E:\代码-Hebb\输多维\2dimension\Debug\2dimension.exe
  2dimension.vcxproj -> E:\代码-Hebb\输多维\2dimension\Debug\2dimension.pdb (Full PDB)
