  1dimension.cpp
e:\代码-hebb\输出0.5前后\1dimension\1dimension\1dimension.cpp(80): warning C4244: 'return': conversion from 'double' to 'float', possible loss of data
e:\代码-hebb\输出0.5前后\1dimension\1dimension\1dimension.cpp(102): warning C4244: '=': conversion from 'double' to 'float', possible loss of data
e:\代码-hebb\输出0.5前后\1dimension\1dimension\1dimension.cpp(107): warning C4244: '=': conversion from 'double' to 'float', possible loss of data
e:\代码-hebb\输出0.5前后\1dimension\1dimension\1dimension.cpp(110): warning C4244: '=': conversion from 'double' to 'float', possible loss of data
e:\代码-hebb\输出0.5前后\1dimension\1dimension\1dimension.cpp(111): warning C4244: '=': conversion from 'double' to 'float', possible loss of data
e:\代码-hebb\输出0.5前后\1dimension\1dimension\1dimension.cpp(112): warning C4244: '=': conversion from 'double' to 'float', possible loss of data
e:\代码-hebb\输出0.5前后\1dimension\1dimension\1dimension.cpp(113): warning C4244: '=': conversion from 'double' to 'float', possible loss of data
e:\代码-hebb\输出0.5前后\1dimension\1dimension\1dimension.cpp(173): warning C4244: '+=': conversion from 'double' to 'float', possible loss of data
e:\代码-hebb\输出0.5前后\1dimension\1dimension\1dimension.cpp(182): warning C4244: '+=': conversion from 'double' to 'float', possible loss of data
e:\代码-hebb\输出0.5前后\1dimension\1dimension\1dimension.cpp(191): warning C4244: '+=': conversion from 'double' to 'float', possible loss of data
e:\代码-hebb\输出0.5前后\1dimension\1dimension\1dimension.cpp(193): warning C4244: '=': conversion from 'double' to 'float', possible loss of data
e:\代码-hebb\输出0.5前后\1dimension\1dimension\1dimension.cpp(195): warning C4244: '=': conversion from 'double' to 'float', possible loss of data
e:\代码-hebb\输出0.5前后\1dimension\1dimension\1dimension.cpp(205): warning C4244: '+=': conversion from 'double' to 'float', possible loss of data
e:\代码-hebb\输出0.5前后\1dimension\1dimension\1dimension.cpp(214): warning C4244: '+=': conversion from 'double' to 'float', possible loss of data
e:\代码-hebb\输出0.5前后\1dimension\1dimension\1dimension.cpp(225): warning C4244: '+=': conversion from 'double' to 'float', possible loss of data
e:\代码-hebb\输出0.5前后\1dimension\1dimension\1dimension.cpp(249): warning C4244: '*=': conversion from 'double' to 'float', possible loss of data
e:\代码-hebb\输出0.5前后\1dimension\1dimension\1dimension.cpp(251): warning C4244: '=': conversion from 'double' to 'float', possible loss of data
e:\代码-hebb\输出0.5前后\1dimension\1dimension\1dimension.cpp(255): warning C4244: '=': conversion from 'double' to 'float', possible loss of data
e:\代码-hebb\输出0.5前后\1dimension\1dimension\1dimension.cpp(275): warning C4996: 'fopen': This function or variable may be unsafe. Consider using fopen_s instead. To disable deprecation, use _CRT_SECURE_NO_WARNINGS. See online help for details.
  c:\program files (x86)\windows kits\10\include\10.0.10240.0\ucrt\stdio.h(205): note: see declaration of 'fopen'
e:\代码-hebb\输出0.5前后\1dimension\1dimension\1dimension.cpp(281): warning C4996: 'fopen': This function or variable may be unsafe. Consider using fopen_s instead. To disable deprecation, use _CRT_SECURE_NO_WARNINGS. See online help for details.
  c:\program files (x86)\windows kits\10\include\10.0.10240.0\ucrt\stdio.h(205): note: see declaration of 'fopen'
e:\代码-hebb\输出0.5前后\1dimension\1dimension\1dimension.cpp(287): warning C4996: 'fopen': This function or variable may be unsafe. Consider using fopen_s instead. To disable deprecation, use _CRT_SECURE_NO_WARNINGS. See online help for details.
  c:\program files (x86)\windows kits\10\include\10.0.10240.0\ucrt\stdio.h(205): note: see declaration of 'fopen'
e:\代码-hebb\输出0.5前后\1dimension\1dimension\1dimension.cpp(293): warning C4996: 'fopen': This function or variable may be unsafe. Consider using fopen_s instead. To disable deprecation, use _CRT_SECURE_NO_WARNINGS. See online help for details.
  c:\program files (x86)\windows kits\10\include\10.0.10240.0\ucrt\stdio.h(205): note: see declaration of 'fopen'
e:\代码-hebb\输出0.5前后\1dimension\1dimension\1dimension.cpp(469): warning C4244: '+=': conversion from 'double' to 'float', possible loss of data
e:\代码-hebb\输出0.5前后\1dimension\1dimension\1dimension.cpp(472): warning C4244: '+=': conversion from 'double' to 'float', possible loss of data
e:\代码-hebb\输出0.5前后\1dimension\1dimension\1dimension.cpp(476): warning C4244: '+=': conversion from 'double' to 'float', possible loss of data
e:\代码-hebb\输出0.5前后\1dimension\1dimension\1dimension.cpp(446): warning C4996: 'fopen': This function or variable may be unsafe. Consider using fopen_s instead. To disable deprecation, use _CRT_SECURE_NO_WARNINGS. See online help for details.
  c:\program files (x86)\windows kits\10\include\10.0.10240.0\ucrt\stdio.h(205): note: see declaration of 'fopen'
e:\代码-hebb\输出0.5前后\1dimension\1dimension\1dimension.cpp(452): warning C4996: 'fopen': This function or variable may be unsafe. Consider using fopen_s instead. To disable deprecation, use _CRT_SECURE_NO_WARNINGS. See online help for details.
  c:\program files (x86)\windows kits\10\include\10.0.10240.0\ucrt\stdio.h(205): note: see declaration of 'fopen'
e:\代码-hebb\输出0.5前后\1dimension\1dimension\1dimension.cpp(437): warning C4101: 'value_position': unreferenced local variable
e:\代码-hebb\输出0.5前后\1dimension\1dimension\1dimension.cpp(173): warning C4723: potential divide by 0
e:\代码-hebb\输出0.5前后\1dimension\1dimension\1dimension.cpp(430): warning C4715: 'thread_sort': not all control paths return a value
  1dimension.vcxproj -> E:\代码-Hebb\输出0.5前后\1dimension\Debug\1dimension.exe
  1dimension.vcxproj -> E:\代码-Hebb\输出0.5前后\1dimension\Debug\1dimension.pdb (Full PDB)
