  1dimension.cpp
e:\代码-hebb\输一维\1dimension\1dimension\1dimension.cpp(77): warning C4244: 'return': conversion from 'double' to 'float', possible loss of data
e:\代码-hebb\输一维\1dimension\1dimension\1dimension.cpp(99): warning C4244: '=': conversion from 'double' to 'float', possible loss of data
e:\代码-hebb\输一维\1dimension\1dimension\1dimension.cpp(104): warning C4244: '=': conversion from 'double' to 'float', possible loss of data
e:\代码-hebb\输一维\1dimension\1dimension\1dimension.cpp(107): warning C4244: '=': conversion from 'double' to 'float', possible loss of data
e:\代码-hebb\输一维\1dimension\1dimension\1dimension.cpp(108): warning C4244: '=': conversion from 'double' to 'float', possible loss of data
e:\代码-hebb\输一维\1dimension\1dimension\1dimension.cpp(109): warning C4244: '=': conversion from 'double' to 'float', possible loss of data
e:\代码-hebb\输一维\1dimension\1dimension\1dimension.cpp(110): warning C4244: '=': conversion from 'double' to 'float', possible loss of data
e:\代码-hebb\输一维\1dimension\1dimension\1dimension.cpp(183): warning C4244: '+=': conversion from 'double' to 'float', possible loss of data
e:\代码-hebb\输一维\1dimension\1dimension\1dimension.cpp(192): warning C4244: '+=': conversion from 'double' to 'float', possible loss of data
e:\代码-hebb\输一维\1dimension\1dimension\1dimension.cpp(201): warning C4244: '+=': conversion from 'double' to 'float', possible loss of data
e:\代码-hebb\输一维\1dimension\1dimension\1dimension.cpp(203): warning C4244: '=': conversion from 'double' to 'float', possible loss of data
e:\代码-hebb\输一维\1dimension\1dimension\1dimension.cpp(205): warning C4244: '=': conversion from 'double' to 'float', possible loss of data
e:\代码-hebb\输一维\1dimension\1dimension\1dimension.cpp(215): warning C4244: '+=': conversion from 'double' to 'float', possible loss of data
e:\代码-hebb\输一维\1dimension\1dimension\1dimension.cpp(224): warning C4244: '+=': conversion from 'double' to 'float', possible loss of data
e:\代码-hebb\输一维\1dimension\1dimension\1dimension.cpp(235): warning C4244: '+=': conversion from 'double' to 'float', possible loss of data
e:\代码-hebb\输一维\1dimension\1dimension\1dimension.cpp(259): warning C4244: '*=': conversion from 'double' to 'float', possible loss of data
e:\代码-hebb\输一维\1dimension\1dimension\1dimension.cpp(261): warning C4244: '=': conversion from 'double' to 'float', possible loss of data
e:\代码-hebb\输一维\1dimension\1dimension\1dimension.cpp(265): warning C4244: '=': conversion from 'double' to 'float', possible loss of data
e:\代码-hebb\输一维\1dimension\1dimension\1dimension.cpp(278): warning C4996: 'fopen': This function or variable may be unsafe. Consider using fopen_s instead. To disable deprecation, use _CRT_SECURE_NO_WARNINGS. See online help for details.
  c:\program files (x86)\windows kits\10\include\10.0.10240.0\ucrt\stdio.h(205): note: see declaration of 'fopen'
e:\代码-hebb\输一维\1dimension\1dimension\1dimension.cpp(284): warning C4996: 'fopen': This function or variable may be unsafe. Consider using fopen_s instead. To disable deprecation, use _CRT_SECURE_NO_WARNINGS. See online help for details.
  c:\program files (x86)\windows kits\10\include\10.0.10240.0\ucrt\stdio.h(205): note: see declaration of 'fopen'
e:\代码-hebb\输一维\1dimension\1dimension\1dimension.cpp(290): warning C4996: 'fopen': This function or variable may be unsafe. Consider using fopen_s instead. To disable deprecation, use _CRT_SECURE_NO_WARNINGS. See online help for details.
  c:\program files (x86)\windows kits\10\include\10.0.10240.0\ucrt\stdio.h(205): note: see declaration of 'fopen'
e:\代码-hebb\输一维\1dimension\1dimension\1dimension.cpp(296): warning C4996: 'fopen': This function or variable may be unsafe. Consider using fopen_s instead. To disable deprecation, use _CRT_SECURE_NO_WARNINGS. See online help for details.
  c:\program files (x86)\windows kits\10\include\10.0.10240.0\ucrt\stdio.h(205): note: see declaration of 'fopen'
e:\代码-hebb\输一维\1dimension\1dimension\1dimension.cpp(302): warning C4996: 'fopen': This function or variable may be unsafe. Consider using fopen_s instead. To disable deprecation, use _CRT_SECURE_NO_WARNINGS. See online help for details.
  c:\program files (x86)\windows kits\10\include\10.0.10240.0\ucrt\stdio.h(205): note: see declaration of 'fopen'
e:\代码-hebb\输一维\1dimension\1dimension\1dimension.cpp(476): warning C4244: '+=': conversion from 'double' to 'float', possible loss of data
e:\代码-hebb\输一维\1dimension\1dimension\1dimension.cpp(455): warning C4996: 'fopen': This function or variable may be unsafe. Consider using fopen_s instead. To disable deprecation, use _CRT_SECURE_NO_WARNINGS. See online help for details.
  c:\program files (x86)\windows kits\10\include\10.0.10240.0\ucrt\stdio.h(205): note: see declaration of 'fopen'
e:\代码-hebb\输一维\1dimension\1dimension\1dimension.cpp(446): warning C4101: 'value_position': unreferenced local variable
e:\代码-hebb\输一维\1dimension\1dimension\1dimension.cpp(439): warning C4715: 'thread_sort': not all control paths return a value
e:\代码-hebb\输一维\1dimension\1dimension\1dimension.cpp(183): warning C4723: potential divide by 0
  1dimension.vcxproj -> E:\代码-Hebb\输一维\1dimension\Debug\1dimension.exe
  1dimension.vcxproj -> E:\代码-Hebb\输一维\1dimension\Debug\1dimension.pdb (Full PDB)
