  addDimension.cpp
e:\代码-hebb\各维度信息都有比例加\adddimension\adddimension\adddimension.cpp(82): warning C4244: 'return': conversion from 'double' to 'float', possible loss of data
e:\代码-hebb\各维度信息都有比例加\adddimension\adddimension\adddimension.cpp(104): warning C4244: '=': conversion from 'double' to 'float', possible loss of data
e:\代码-hebb\各维度信息都有比例加\adddimension\adddimension\adddimension.cpp(108): warning C4244: '=': conversion from 'double' to 'float', possible loss of data
e:\代码-hebb\各维度信息都有比例加\adddimension\adddimension\adddimension.cpp(109): warning C4244: '=': conversion from 'double' to 'float', possible loss of data
e:\代码-hebb\各维度信息都有比例加\adddimension\adddimension\adddimension.cpp(113): warning C4244: '=': conversion from 'double' to 'float', possible loss of data
e:\代码-hebb\各维度信息都有比例加\adddimension\adddimension\adddimension.cpp(116): warning C4244: '=': conversion from 'double' to 'float', possible loss of data
e:\代码-hebb\各维度信息都有比例加\adddimension\adddimension\adddimension.cpp(117): warning C4244: '=': conversion from 'double' to 'float', possible loss of data
e:\代码-hebb\各维度信息都有比例加\adddimension\adddimension\adddimension.cpp(118): warning C4244: '=': conversion from 'double' to 'float', possible loss of data
e:\代码-hebb\各维度信息都有比例加\adddimension\adddimension\adddimension.cpp(119): warning C4244: '=': conversion from 'double' to 'float', possible loss of data
e:\代码-hebb\各维度信息都有比例加\adddimension\adddimension\adddimension.cpp(184): warning C4244: '+=': conversion from 'double' to 'float', possible loss of data
e:\代码-hebb\各维度信息都有比例加\adddimension\adddimension\adddimension.cpp(193): warning C4244: '+=': conversion from 'double' to 'float', possible loss of data
e:\代码-hebb\各维度信息都有比例加\adddimension\adddimension\adddimension.cpp(202): warning C4244: '+=': conversion from 'double' to 'float', possible loss of data
e:\代码-hebb\各维度信息都有比例加\adddimension\adddimension\adddimension.cpp(204): warning C4244: '=': conversion from 'double' to 'float', possible loss of data
e:\代码-hebb\各维度信息都有比例加\adddimension\adddimension\adddimension.cpp(206): warning C4244: '=': conversion from 'double' to 'float', possible loss of data
e:\代码-hebb\各维度信息都有比例加\adddimension\adddimension\adddimension.cpp(216): warning C4244: '+=': conversion from 'double' to 'float', possible loss of data
e:\代码-hebb\各维度信息都有比例加\adddimension\adddimension\adddimension.cpp(225): warning C4244: '+=': conversion from 'double' to 'float', possible loss of data
e:\代码-hebb\各维度信息都有比例加\adddimension\adddimension\adddimension.cpp(236): warning C4244: '+=': conversion from 'double' to 'float', possible loss of data
e:\代码-hebb\各维度信息都有比例加\adddimension\adddimension\adddimension.cpp(260): warning C4244: '*=': conversion from 'double' to 'float', possible loss of data
e:\代码-hebb\各维度信息都有比例加\adddimension\adddimension\adddimension.cpp(262): warning C4244: '=': conversion from 'double' to 'float', possible loss of data
e:\代码-hebb\各维度信息都有比例加\adddimension\adddimension\adddimension.cpp(266): warning C4244: '=': conversion from 'double' to 'float', possible loss of data
e:\代码-hebb\各维度信息都有比例加\adddimension\adddimension\adddimension.cpp(287): warning C4996: 'fopen': This function or variable may be unsafe. Consider using fopen_s instead. To disable deprecation, use _CRT_SECURE_NO_WARNINGS. See online help for details.
  c:\program files (x86)\windows kits\10\include\10.0.10240.0\ucrt\stdio.h(205): note: see declaration of 'fopen'
e:\代码-hebb\各维度信息都有比例加\adddimension\adddimension\adddimension.cpp(292): warning C4996: 'fopen': This function or variable may be unsafe. Consider using fopen_s instead. To disable deprecation, use _CRT_SECURE_NO_WARNINGS. See online help for details.
  c:\program files (x86)\windows kits\10\include\10.0.10240.0\ucrt\stdio.h(205): note: see declaration of 'fopen'
e:\代码-hebb\各维度信息都有比例加\adddimension\adddimension\adddimension.cpp(297): warning C4996: 'fopen': This function or variable may be unsafe. Consider using fopen_s instead. To disable deprecation, use _CRT_SECURE_NO_WARNINGS. See online help for details.
  c:\program files (x86)\windows kits\10\include\10.0.10240.0\ucrt\stdio.h(205): note: see declaration of 'fopen'
e:\代码-hebb\各维度信息都有比例加\adddimension\adddimension\adddimension.cpp(302): warning C4996: 'fopen': This function or variable may be unsafe. Consider using fopen_s instead. To disable deprecation, use _CRT_SECURE_NO_WARNINGS. See online help for details.
  c:\program files (x86)\windows kits\10\include\10.0.10240.0\ucrt\stdio.h(205): note: see declaration of 'fopen'
e:\代码-hebb\各维度信息都有比例加\adddimension\adddimension\adddimension.cpp(279): warning C4101: 'f_old_neural': unreferenced local variable
e:\代码-hebb\各维度信息都有比例加\adddimension\adddimension\adddimension.cpp(524): warning C4244: '+=': conversion from 'double' to 'float', possible loss of data
e:\代码-hebb\各维度信息都有比例加\adddimension\adddimension\adddimension.cpp(505): warning C4996: 'fopen': This function or variable may be unsafe. Consider using fopen_s instead. To disable deprecation, use _CRT_SECURE_NO_WARNINGS. See online help for details.
  c:\program files (x86)\windows kits\10\include\10.0.10240.0\ucrt\stdio.h(205): note: see declaration of 'fopen'
e:\代码-hebb\各维度信息都有比例加\adddimension\adddimension\adddimension.cpp(506): warning C4996: 'fopen': This function or variable may be unsafe. Consider using fopen_s instead. To disable deprecation, use _CRT_SECURE_NO_WARNINGS. See online help for details.
  c:\program files (x86)\windows kits\10\include\10.0.10240.0\ucrt\stdio.h(205): note: see declaration of 'fopen'
e:\代码-hebb\各维度信息都有比例加\adddimension\adddimension\adddimension.cpp(497): warning C4101: 'value_position': unreferenced local variable
e:\代码-hebb\各维度信息都有比例加\adddimension\adddimension\adddimension.cpp(490): warning C4715: 'thread_sort': not all control paths return a value
  addDimension.vcxproj -> E:\代码-Hebb\各维度信息都有比例加\addDimension\Debug\addDimension.exe
  addDimension.vcxproj -> E:\代码-Hebb\各维度信息都有比例加\addDimension\Debug\addDimension.pdb (Full PDB)
